<?xml version="1.0" encoding="UTF-8"?>
<testng-results ignored="0" total="1" passed="1" failed="0" skipped="0">
  <reporter-output>
  </reporter-output>
  <suite started-at="2022-06-10T17:41:36 IST" name="oIAAutomation" finished-at="2022-06-10T17:41:55 IST" duration-ms="18516">
    <groups>
    </groups>
    <test started-at="2022-06-10T17:41:36 IST" name="Test" finished-at="2022-06-10T17:41:55 IST" duration-ms="18516">
      <class name="com.oIAAutomation.testCases.TC_LoginTest_001">
        <test-method is-config="true" signature="setup(java.lang.String)[pri:0, instance:com.oIAAutomation.testCases.TC_LoginTest_001@78a287ed]" started-at="2022-06-10T17:41:37 IST" name="setup" finished-at="2022-06-10T17:41:49 IST" duration-ms="12183" status="PASS">
          <params>
            <param index="0">
              <value>
                <![CDATA[chrome]]>
              </value>
            </param>
          </params>
          <reporter-output>
          </reporter-output>
        </test-method> <!-- setup -->
        <test-method signature="loginTest()[pri:0, instance:com.oIAAutomation.testCases.TC_LoginTest_001@78a287ed]" started-at="2022-06-10T17:41:49 IST" name="loginTest" finished-at="2022-06-10T17:41:55 IST" duration-ms="6152" status="PASS">
          <reporter-output>
          </reporter-output>
        </test-method> <!-- loginTest -->
        <test-method is-config="true" signature="tearDown()[pri:0, instance:com.oIAAutomation.testCases.TC_LoginTest_001@78a287ed]" started-at="2022-06-10T17:41:55 IST" name="tearDown" finished-at="2022-06-10T17:41:55 IST" duration-ms="0" status="PASS">
          <reporter-output>
          </reporter-output>
        </test-method> <!-- tearDown -->
        <test-method is-config="true" signature="tearDown()[pri:0, instance:com.oIAAutomation.testCases.TC_LoginTest_001@78a287ed]" started-at="2022-06-10T17:41:55 IST" name="tearDown" finished-at="2022-06-10T17:41:55 IST" duration-ms="0" status="PASS">
          <reporter-output>
          </reporter-output>
        </test-method> <!-- tearDown -->
      </class> <!-- com.oIAAutomation.testCases.TC_LoginTest_001 -->
    </test> <!-- Test -->
  </suite> <!-- oIAAutomation -->
</testng-results>
